<?xml version="1.0" encoding="UTF-8"?>
<testsuite xmlns:xsi="http://www.w3.org/2001/XMLSchema-instance" xsi:noNamespaceSchemaLocation="https://maven.apache.org/surefire/maven-surefire-plugin/xsd/surefire-test-report.xsd" name="amazon.aws.samples.kafka.KafkaConsumerTest" time="14.699" tests="1" errors="0" skipped="0" failures="0">
  <properties>
    <property name="awt.toolkit" value="sun.awt.X11.XToolkit"/>
    <property name="java.specification.version" value="11"/>
    <property name="sun.cpu.isalist" value=""/>
    <property name="sun.jnu.encoding" value="UTF-8"/>
    <property name="java.class.path" value="/home/leppy/cdkdev/amazon-msk-java-app-cdk/consumer/target/test-classes:/home/leppy/cdkdev/amazon-msk-java-app-cdk/consumer/target/classes:/home/leppy/.m2/repository/software/amazon/awssdk/dynamodb/2.15.0/dynamodb-2.15.0.jar:/home/leppy/.m2/repository/software/amazon/awssdk/aws-json-protocol/2.15.0/aws-json-protocol-2.15.0.jar:/home/leppy/.m2/repository/com/fasterxml/jackson/core/jackson-core/2.11.4/jackson-core-2.11.4.jar:/home/leppy/.m2/repository/software/amazon/awssdk/protocol-core/2.15.0/protocol-core-2.15.0.jar:/home/leppy/.m2/repository/software/amazon/awssdk/profiles/2.15.0/profiles-2.15.0.jar:/home/leppy/.m2/repository/software/amazon/awssdk/sdk-core/2.15.0/sdk-core-2.15.0.jar:/home/leppy/.m2/repository/org/slf4j/slf4j-api/1.7.30/slf4j-api-1.7.30.jar:/home/leppy/.m2/repository/com/fasterxml/jackson/core/jackson-databind/2.11.4/jackson-databind-2.11.4.jar:/home/leppy/.m2/repository/org/reactivestreams/reactive-streams/1.0.3/reactive-streams-1.0.3.jar:/home/leppy/.m2/repository/software/amazon/awssdk/auth/2.15.0/auth-2.15.0.jar:/home/leppy/.m2/repository/software/amazon/eventstream/eventstream/1.0.1/eventstream-1.0.1.jar:/home/leppy/.m2/repository/software/amazon/awssdk/http-client-spi/2.15.0/http-client-spi-2.15.0.jar:/home/leppy/.m2/repository/software/amazon/awssdk/regions/2.15.0/regions-2.15.0.jar:/home/leppy/.m2/repository/com/fasterxml/jackson/core/jackson-annotations/2.11.4/jackson-annotations-2.11.4.jar:/home/leppy/.m2/repository/software/amazon/awssdk/annotations/2.15.0/annotations-2.15.0.jar:/home/leppy/.m2/repository/software/amazon/awssdk/utils/2.15.0/utils-2.15.0.jar:/home/leppy/.m2/repository/software/amazon/awssdk/aws-core/2.15.0/aws-core-2.15.0.jar:/home/leppy/.m2/repository/software/amazon/awssdk/metrics-spi/2.15.0/metrics-spi-2.15.0.jar:/home/leppy/.m2/repository/software/amazon/awssdk/apache-client/2.15.0/apache-client-2.15.0.jar:/home/leppy/.m2/repository/org/apache/httpcomponents/httpclient/4.5.13/httpclient-4.5.13.jar:/home/leppy/.m2/repository/commons-codec/commons-codec/1.15/commons-codec-1.15.jar:/home/leppy/.m2/repository/org/apache/httpcomponents/httpcore/4.4.14/httpcore-4.4.14.jar:/home/leppy/.m2/repository/software/amazon/awssdk/netty-nio-client/2.15.0/netty-nio-client-2.15.0.jar:/home/leppy/.m2/repository/io/netty/netty-codec-http/4.1.58.Final/netty-codec-http-4.1.58.Final.jar:/home/leppy/.m2/repository/io/netty/netty-codec-http2/4.1.58.Final/netty-codec-http2-4.1.58.Final.jar:/home/leppy/.m2/repository/io/netty/netty-codec/4.1.58.Final/netty-codec-4.1.58.Final.jar:/home/leppy/.m2/repository/io/netty/netty-transport/4.1.58.Final/netty-transport-4.1.58.Final.jar:/home/leppy/.m2/repository/io/netty/netty-resolver/4.1.58.Final/netty-resolver-4.1.58.Final.jar:/home/leppy/.m2/repository/io/netty/netty-common/4.1.58.Final/netty-common-4.1.58.Final.jar:/home/leppy/.m2/repository/io/netty/netty-buffer/4.1.58.Final/netty-buffer-4.1.58.Final.jar:/home/leppy/.m2/repository/io/netty/netty-handler/4.1.58.Final/netty-handler-4.1.58.Final.jar:/home/leppy/.m2/repository/io/netty/netty-transport-native-epoll/4.1.58.Final/netty-transport-native-epoll-4.1.58.Final-linux-x86_64.jar:/home/leppy/.m2/repository/io/netty/netty-transport-native-unix-common/4.1.58.Final/netty-transport-native-unix-common-4.1.58.Final.jar:/home/leppy/.m2/repository/com/typesafe/netty/netty-reactive-streams-http/2.0.4/netty-reactive-streams-http-2.0.4.jar:/home/leppy/.m2/repository/com/typesafe/netty/netty-reactive-streams/2.0.4/netty-reactive-streams-2.0.4.jar:/home/leppy/.m2/repository/org/springframework/boot/spring-boot-starter/2.4.2/spring-boot-starter-2.4.2.jar:/home/leppy/.m2/repository/org/springframework/boot/spring-boot/2.4.2/spring-boot-2.4.2.jar:/home/leppy/.m2/repository/org/springframework/boot/spring-boot-autoconfigure/2.4.2/spring-boot-autoconfigure-2.4.2.jar:/home/leppy/.m2/repository/org/springframework/boot/spring-boot-starter-logging/2.4.2/spring-boot-starter-logging-2.4.2.jar:/home/leppy/.m2/repository/ch/qos/logback/logback-classic/1.2.3/logback-classic-1.2.3.jar:/home/leppy/.m2/repository/ch/qos/logback/logback-core/1.2.3/logback-core-1.2.3.jar:/home/leppy/.m2/repository/org/apache/logging/log4j/log4j-to-slf4j/2.13.3/log4j-to-slf4j-2.13.3.jar:/home/leppy/.m2/repository/org/apache/logging/log4j/log4j-api/2.13.3/log4j-api-2.13.3.jar:/home/leppy/.m2/repository/org/slf4j/jul-to-slf4j/1.7.30/jul-to-slf4j-1.7.30.jar:/home/leppy/.m2/repository/jakarta/annotation/jakarta.annotation-api/1.3.5/jakarta.annotation-api-1.3.5.jar:/home/leppy/.m2/repository/org/springframework/spring-core/5.3.3/spring-core-5.3.3.jar:/home/leppy/.m2/repository/org/springframework/spring-jcl/5.3.3/spring-jcl-5.3.3.jar:/home/leppy/.m2/repository/org/yaml/snakeyaml/1.27/snakeyaml-1.27.jar:/home/leppy/.m2/repository/org/springframework/kafka/spring-kafka/2.6.5/spring-kafka-2.6.5.jar:/home/leppy/.m2/repository/org/springframework/spring-context/5.3.3/spring-context-5.3.3.jar:/home/leppy/.m2/repository/org/springframework/spring-aop/5.3.3/spring-aop-5.3.3.jar:/home/leppy/.m2/repository/org/springframework/spring-beans/5.3.3/spring-beans-5.3.3.jar:/home/leppy/.m2/repository/org/springframework/spring-expression/5.3.3/spring-expression-5.3.3.jar:/home/leppy/.m2/repository/org/springframework/spring-messaging/5.3.3/spring-messaging-5.3.3.jar:/home/leppy/.m2/repository/org/springframework/spring-tx/5.3.3/spring-tx-5.3.3.jar:/home/leppy/.m2/repository/org/springframework/retry/spring-retry/1.3.1/spring-retry-1.3.1.jar:/home/leppy/.m2/repository/javax/annotation/javax.annotation-api/1.3.2/javax.annotation-api-1.3.2.jar:/home/leppy/.m2/repository/org/apache/kafka/kafka-clients/2.6.0/kafka-clients-2.6.0.jar:/home/leppy/.m2/repository/com/github/luben/zstd-jni/1.4.4-7/zstd-jni-1.4.4-7.jar:/home/leppy/.m2/repository/org/lz4/lz4-java/1.7.1/lz4-java-1.7.1.jar:/home/leppy/.m2/repository/org/xerial/snappy/snappy-java/1.1.7.3/snappy-java-1.1.7.3.jar:/home/leppy/.m2/repository/org/springframework/boot/spring-boot-configuration-processor/2.4.2/spring-boot-configuration-processor-2.4.2.jar:/home/leppy/.m2/repository/org/springframework/boot/spring-boot-starter-test/2.4.2/spring-boot-starter-test-2.4.2.jar:/home/leppy/.m2/repository/org/springframework/boot/spring-boot-test/2.4.2/spring-boot-test-2.4.2.jar:/home/leppy/.m2/repository/org/springframework/boot/spring-boot-test-autoconfigure/2.4.2/spring-boot-test-autoconfigure-2.4.2.jar:/home/leppy/.m2/repository/com/jayway/jsonpath/json-path/2.4.0/json-path-2.4.0.jar:/home/leppy/.m2/repository/net/minidev/json-smart/2.3/json-smart-2.3.jar:/home/leppy/.m2/repository/net/minidev/accessors-smart/1.2/accessors-smart-1.2.jar:/home/leppy/.m2/repository/org/ow2/asm/asm/5.0.4/asm-5.0.4.jar:/home/leppy/.m2/repository/jakarta/xml/bind/jakarta.xml.bind-api/2.3.3/jakarta.xml.bind-api-2.3.3.jar:/home/leppy/.m2/repository/jakarta/activation/jakarta.activation-api/1.2.2/jakarta.activation-api-1.2.2.jar:/home/leppy/.m2/repository/org/assertj/assertj-core/3.18.1/assertj-core-3.18.1.jar:/home/leppy/.m2/repository/org/hamcrest/hamcrest/2.2/hamcrest-2.2.jar:/home/leppy/.m2/repository/org/junit/jupiter/junit-jupiter/5.7.0/junit-jupiter-5.7.0.jar:/home/leppy/.m2/repository/org/junit/jupiter/junit-jupiter-params/5.7.0/junit-jupiter-params-5.7.0.jar:/home/leppy/.m2/repository/org/junit/jupiter/junit-jupiter-engine/5.7.0/junit-jupiter-engine-5.7.0.jar:/home/leppy/.m2/repository/org/junit/platform/junit-platform-engine/1.7.0/junit-platform-engine-1.7.0.jar:/home/leppy/.m2/repository/org/mockito/mockito-core/3.6.28/mockito-core-3.6.28.jar:/home/leppy/.m2/repository/net/bytebuddy/byte-buddy/1.10.19/byte-buddy-1.10.19.jar:/home/leppy/.m2/repository/net/bytebuddy/byte-buddy-agent/1.10.19/byte-buddy-agent-1.10.19.jar:/home/leppy/.m2/repository/org/objenesis/objenesis/3.1/objenesis-3.1.jar:/home/leppy/.m2/repository/org/mockito/mockito-junit-jupiter/3.6.28/mockito-junit-jupiter-3.6.28.jar:/home/leppy/.m2/repository/org/skyscreamer/jsonassert/1.5.0/jsonassert-1.5.0.jar:/home/leppy/.m2/repository/com/vaadin/external/google/android-json/0.0.20131108.vaadin1/android-json-0.0.20131108.vaadin1.jar:/home/leppy/.m2/repository/org/springframework/spring-test/5.3.3/spring-test-5.3.3.jar:/home/leppy/.m2/repository/org/xmlunit/xmlunit-core/2.7.0/xmlunit-core-2.7.0.jar:/home/leppy/.m2/repository/org/springframework/kafka/spring-kafka-test/2.6.5/spring-kafka-test-2.6.5.jar:/home/leppy/.m2/repository/org/apache/kafka/kafka-clients/2.6.1/kafka-clients-2.6.1-test.jar:/home/leppy/.m2/repository/org/apache/kafka/kafka-streams/2.6.0/kafka-streams-2.6.0.jar:/home/leppy/.m2/repository/org/apache/kafka/connect-json/2.6.0/connect-json-2.6.0.jar:/home/leppy/.m2/repository/org/apache/kafka/connect-api/2.6.0/connect-api-2.6.0.jar:/home/leppy/.m2/repository/org/rocksdb/rocksdbjni/5.18.4/rocksdbjni-5.18.4.jar:/home/leppy/.m2/repository/org/apache/kafka/kafka-streams-test-utils/2.6.0/kafka-streams-test-utils-2.6.0.jar:/home/leppy/.m2/repository/org/apache/kafka/kafka_2.13/2.6.0/kafka_2.13-2.6.0.jar:/home/leppy/.m2/repository/com/fasterxml/jackson/module/jackson-module-scala_2.13/2.11.4/jackson-module-scala_2.13-2.11.4.jar:/home/leppy/.m2/repository/com/fasterxml/jackson/module/jackson-module-paranamer/2.11.4/jackson-module-paranamer-2.11.4.jar:/home/leppy/.m2/repository/com/thoughtworks/paranamer/paranamer/2.8/paranamer-2.8.jar:/home/leppy/.m2/repository/com/fasterxml/jackson/dataformat/jackson-dataformat-csv/2.11.4/jackson-dataformat-csv-2.11.4.jar:/home/leppy/.m2/repository/com/fasterxml/jackson/datatype/jackson-datatype-jdk8/2.11.4/jackson-datatype-jdk8-2.11.4.jar:/home/leppy/.m2/repository/net/sf/jopt-simple/jopt-simple/5.0.4/jopt-simple-5.0.4.jar:/home/leppy/.m2/repository/com/yammer/metrics/metrics-core/2.2.0/metrics-core-2.2.0.jar:/home/leppy/.m2/repository/org/scala-lang/modules/scala-collection-compat_2.13/2.1.6/scala-collection-compat_2.13-2.1.6.jar:/home/leppy/.m2/repository/org/scala-lang/modules/scala-java8-compat_2.13/0.9.1/scala-java8-compat_2.13-0.9.1.jar:/home/leppy/.m2/repository/org/scala-lang/scala-library/2.13.2/scala-library-2.13.2.jar:/home/leppy/.m2/repository/org/scala-lang/scala-reflect/2.13.2/scala-reflect-2.13.2.jar:/home/leppy/.m2/repository/com/typesafe/scala-logging/scala-logging_2.13/3.9.2/scala-logging_2.13-3.9.2.jar:/home/leppy/.m2/repository/org/apache/zookeeper/zookeeper/3.5.8/zookeeper-3.5.8.jar:/home/leppy/.m2/repository/org/apache/zookeeper/zookeeper-jute/3.5.8/zookeeper-jute-3.5.8.jar:/home/leppy/.m2/repository/org/apache/yetus/audience-annotations/0.5.0/audience-annotations-0.5.0.jar:/home/leppy/.m2/repository/io/netty/netty-transport-native-epoll/4.1.58.Final/netty-transport-native-epoll-4.1.58.Final.jar:/home/leppy/.m2/repository/commons-cli/commons-cli/1.4/commons-cli-1.4.jar:/home/leppy/.m2/repository/org/apache/kafka/kafka_2.13/2.6.1/kafka_2.13-2.6.1-test.jar:/home/leppy/.m2/repository/org/junit/jupiter/junit-jupiter-api/5.7.0/junit-jupiter-api-5.7.0.jar:/home/leppy/.m2/repository/org/apiguardian/apiguardian-api/1.1.0/apiguardian-api-1.1.0.jar:/home/leppy/.m2/repository/org/opentest4j/opentest4j/1.2.0/opentest4j-1.2.0.jar:/home/leppy/.m2/repository/org/junit/platform/junit-platform-commons/1.7.0/junit-platform-commons-1.7.0.jar:/home/leppy/.m2/repository/junit/junit/4.13.1/junit-4.13.1.jar:/home/leppy/.m2/repository/org/hamcrest/hamcrest-core/2.2/hamcrest-core-2.2.jar:"/>
    <property name="java.vm.vendor" value="Private Build"/>
    <property name="sun.arch.data.model" value="64"/>
    <property name="java.vendor.url" value="Unknown"/>
    <property name="user.timezone" value=""/>
    <property name="java.vm.specification.version" value="11"/>
    <property name="os.name" value="Linux"/>
    <property name="sun.java.launcher" value="SUN_STANDARD"/>
    <property name="sun.boot.library.path" value="/usr/lib/jvm/java-11-openjdk-amd64/lib"/>
    <property name="sun.java.command" value="/home/leppy/cdkdev/amazon-msk-java-app-cdk/consumer/target/surefire/surefirebooter14698558389297182630.jar /home/leppy/cdkdev/amazon-msk-java-app-cdk/consumer/target/surefire 2022-06-05T11-13-09_890-jvmRun1 surefire8281554578555668521tmp surefire_08459438355420649459tmp"/>
    <property name="jdk.debug" value="release"/>
    <property name="surefire.test.class.path" value="/home/leppy/cdkdev/amazon-msk-java-app-cdk/consumer/target/test-classes:/home/leppy/cdkdev/amazon-msk-java-app-cdk/consumer/target/classes:/home/leppy/.m2/repository/software/amazon/awssdk/dynamodb/2.15.0/dynamodb-2.15.0.jar:/home/leppy/.m2/repository/software/amazon/awssdk/aws-json-protocol/2.15.0/aws-json-protocol-2.15.0.jar:/home/leppy/.m2/repository/com/fasterxml/jackson/core/jackson-core/2.11.4/jackson-core-2.11.4.jar:/home/leppy/.m2/repository/software/amazon/awssdk/protocol-core/2.15.0/protocol-core-2.15.0.jar:/home/leppy/.m2/repository/software/amazon/awssdk/profiles/2.15.0/profiles-2.15.0.jar:/home/leppy/.m2/repository/software/amazon/awssdk/sdk-core/2.15.0/sdk-core-2.15.0.jar:/home/leppy/.m2/repository/org/slf4j/slf4j-api/1.7.30/slf4j-api-1.7.30.jar:/home/leppy/.m2/repository/com/fasterxml/jackson/core/jackson-databind/2.11.4/jackson-databind-2.11.4.jar:/home/leppy/.m2/repository/org/reactivestreams/reactive-streams/1.0.3/reactive-streams-1.0.3.jar:/home/leppy/.m2/repository/software/amazon/awssdk/auth/2.15.0/auth-2.15.0.jar:/home/leppy/.m2/repository/software/amazon/eventstream/eventstream/1.0.1/eventstream-1.0.1.jar:/home/leppy/.m2/repository/software/amazon/awssdk/http-client-spi/2.15.0/http-client-spi-2.15.0.jar:/home/leppy/.m2/repository/software/amazon/awssdk/regions/2.15.0/regions-2.15.0.jar:/home/leppy/.m2/repository/com/fasterxml/jackson/core/jackson-annotations/2.11.4/jackson-annotations-2.11.4.jar:/home/leppy/.m2/repository/software/amazon/awssdk/annotations/2.15.0/annotations-2.15.0.jar:/home/leppy/.m2/repository/software/amazon/awssdk/utils/2.15.0/utils-2.15.0.jar:/home/leppy/.m2/repository/software/amazon/awssdk/aws-core/2.15.0/aws-core-2.15.0.jar:/home/leppy/.m2/repository/software/amazon/awssdk/metrics-spi/2.15.0/metrics-spi-2.15.0.jar:/home/leppy/.m2/repository/software/amazon/awssdk/apache-client/2.15.0/apache-client-2.15.0.jar:/home/leppy/.m2/repository/org/apache/httpcomponents/httpclient/4.5.13/httpclient-4.5.13.jar:/home/leppy/.m2/repository/commons-codec/commons-codec/1.15/commons-codec-1.15.jar:/home/leppy/.m2/repository/org/apache/httpcomponents/httpcore/4.4.14/httpcore-4.4.14.jar:/home/leppy/.m2/repository/software/amazon/awssdk/netty-nio-client/2.15.0/netty-nio-client-2.15.0.jar:/home/leppy/.m2/repository/io/netty/netty-codec-http/4.1.58.Final/netty-codec-http-4.1.58.Final.jar:/home/leppy/.m2/repository/io/netty/netty-codec-http2/4.1.58.Final/netty-codec-http2-4.1.58.Final.jar:/home/leppy/.m2/repository/io/netty/netty-codec/4.1.58.Final/netty-codec-4.1.58.Final.jar:/home/leppy/.m2/repository/io/netty/netty-transport/4.1.58.Final/netty-transport-4.1.58.Final.jar:/home/leppy/.m2/repository/io/netty/netty-resolver/4.1.58.Final/netty-resolver-4.1.58.Final.jar:/home/leppy/.m2/repository/io/netty/netty-common/4.1.58.Final/netty-common-4.1.58.Final.jar:/home/leppy/.m2/repository/io/netty/netty-buffer/4.1.58.Final/netty-buffer-4.1.58.Final.jar:/home/leppy/.m2/repository/io/netty/netty-handler/4.1.58.Final/netty-handler-4.1.58.Final.jar:/home/leppy/.m2/repository/io/netty/netty-transport-native-epoll/4.1.58.Final/netty-transport-native-epoll-4.1.58.Final-linux-x86_64.jar:/home/leppy/.m2/repository/io/netty/netty-transport-native-unix-common/4.1.58.Final/netty-transport-native-unix-common-4.1.58.Final.jar:/home/leppy/.m2/repository/com/typesafe/netty/netty-reactive-streams-http/2.0.4/netty-reactive-streams-http-2.0.4.jar:/home/leppy/.m2/repository/com/typesafe/netty/netty-reactive-streams/2.0.4/netty-reactive-streams-2.0.4.jar:/home/leppy/.m2/repository/org/springframework/boot/spring-boot-starter/2.4.2/spring-boot-starter-2.4.2.jar:/home/leppy/.m2/repository/org/springframework/boot/spring-boot/2.4.2/spring-boot-2.4.2.jar:/home/leppy/.m2/repository/org/springframework/boot/spring-boot-autoconfigure/2.4.2/spring-boot-autoconfigure-2.4.2.jar:/home/leppy/.m2/repository/org/springframework/boot/spring-boot-starter-logging/2.4.2/spring-boot-starter-logging-2.4.2.jar:/home/leppy/.m2/repository/ch/qos/logback/logback-classic/1.2.3/logback-classic-1.2.3.jar:/home/leppy/.m2/repository/ch/qos/logback/logback-core/1.2.3/logback-core-1.2.3.jar:/home/leppy/.m2/repository/org/apache/logging/log4j/log4j-to-slf4j/2.13.3/log4j-to-slf4j-2.13.3.jar:/home/leppy/.m2/repository/org/apache/logging/log4j/log4j-api/2.13.3/log4j-api-2.13.3.jar:/home/leppy/.m2/repository/org/slf4j/jul-to-slf4j/1.7.30/jul-to-slf4j-1.7.30.jar:/home/leppy/.m2/repository/jakarta/annotation/jakarta.annotation-api/1.3.5/jakarta.annotation-api-1.3.5.jar:/home/leppy/.m2/repository/org/springframework/spring-core/5.3.3/spring-core-5.3.3.jar:/home/leppy/.m2/repository/org/springframework/spring-jcl/5.3.3/spring-jcl-5.3.3.jar:/home/leppy/.m2/repository/org/yaml/snakeyaml/1.27/snakeyaml-1.27.jar:/home/leppy/.m2/repository/org/springframework/kafka/spring-kafka/2.6.5/spring-kafka-2.6.5.jar:/home/leppy/.m2/repository/org/springframework/spring-context/5.3.3/spring-context-5.3.3.jar:/home/leppy/.m2/repository/org/springframework/spring-aop/5.3.3/spring-aop-5.3.3.jar:/home/leppy/.m2/repository/org/springframework/spring-beans/5.3.3/spring-beans-5.3.3.jar:/home/leppy/.m2/repository/org/springframework/spring-expression/5.3.3/spring-expression-5.3.3.jar:/home/leppy/.m2/repository/org/springframework/spring-messaging/5.3.3/spring-messaging-5.3.3.jar:/home/leppy/.m2/repository/org/springframework/spring-tx/5.3.3/spring-tx-5.3.3.jar:/home/leppy/.m2/repository/org/springframework/retry/spring-retry/1.3.1/spring-retry-1.3.1.jar:/home/leppy/.m2/repository/javax/annotation/javax.annotation-api/1.3.2/javax.annotation-api-1.3.2.jar:/home/leppy/.m2/repository/org/apache/kafka/kafka-clients/2.6.0/kafka-clients-2.6.0.jar:/home/leppy/.m2/repository/com/github/luben/zstd-jni/1.4.4-7/zstd-jni-1.4.4-7.jar:/home/leppy/.m2/repository/org/lz4/lz4-java/1.7.1/lz4-java-1.7.1.jar:/home/leppy/.m2/repository/org/xerial/snappy/snappy-java/1.1.7.3/snappy-java-1.1.7.3.jar:/home/leppy/.m2/repository/org/springframework/boot/spring-boot-configuration-processor/2.4.2/spring-boot-configuration-processor-2.4.2.jar:/home/leppy/.m2/repository/org/springframework/boot/spring-boot-starter-test/2.4.2/spring-boot-starter-test-2.4.2.jar:/home/leppy/.m2/repository/org/springframework/boot/spring-boot-test/2.4.2/spring-boot-test-2.4.2.jar:/home/leppy/.m2/repository/org/springframework/boot/spring-boot-test-autoconfigure/2.4.2/spring-boot-test-autoconfigure-2.4.2.jar:/home/leppy/.m2/repository/com/jayway/jsonpath/json-path/2.4.0/json-path-2.4.0.jar:/home/leppy/.m2/repository/net/minidev/json-smart/2.3/json-smart-2.3.jar:/home/leppy/.m2/repository/net/minidev/accessors-smart/1.2/accessors-smart-1.2.jar:/home/leppy/.m2/repository/org/ow2/asm/asm/5.0.4/asm-5.0.4.jar:/home/leppy/.m2/repository/jakarta/xml/bind/jakarta.xml.bind-api/2.3.3/jakarta.xml.bind-api-2.3.3.jar:/home/leppy/.m2/repository/jakarta/activation/jakarta.activation-api/1.2.2/jakarta.activation-api-1.2.2.jar:/home/leppy/.m2/repository/org/assertj/assertj-core/3.18.1/assertj-core-3.18.1.jar:/home/leppy/.m2/repository/org/hamcrest/hamcrest/2.2/hamcrest-2.2.jar:/home/leppy/.m2/repository/org/junit/jupiter/junit-jupiter/5.7.0/junit-jupiter-5.7.0.jar:/home/leppy/.m2/repository/org/junit/jupiter/junit-jupiter-params/5.7.0/junit-jupiter-params-5.7.0.jar:/home/leppy/.m2/repository/org/junit/jupiter/junit-jupiter-engine/5.7.0/junit-jupiter-engine-5.7.0.jar:/home/leppy/.m2/repository/org/junit/platform/junit-platform-engine/1.7.0/junit-platform-engine-1.7.0.jar:/home/leppy/.m2/repository/org/mockito/mockito-core/3.6.28/mockito-core-3.6.28.jar:/home/leppy/.m2/repository/net/bytebuddy/byte-buddy/1.10.19/byte-buddy-1.10.19.jar:/home/leppy/.m2/repository/net/bytebuddy/byte-buddy-agent/1.10.19/byte-buddy-agent-1.10.19.jar:/home/leppy/.m2/repository/org/objenesis/objenesis/3.1/objenesis-3.1.jar:/home/leppy/.m2/repository/org/mockito/mockito-junit-jupiter/3.6.28/mockito-junit-jupiter-3.6.28.jar:/home/leppy/.m2/repository/org/skyscreamer/jsonassert/1.5.0/jsonassert-1.5.0.jar:/home/leppy/.m2/repository/com/vaadin/external/google/android-json/0.0.20131108.vaadin1/android-json-0.0.20131108.vaadin1.jar:/home/leppy/.m2/repository/org/springframework/spring-test/5.3.3/spring-test-5.3.3.jar:/home/leppy/.m2/repository/org/xmlunit/xmlunit-core/2.7.0/xmlunit-core-2.7.0.jar:/home/leppy/.m2/repository/org/springframework/kafka/spring-kafka-test/2.6.5/spring-kafka-test-2.6.5.jar:/home/leppy/.m2/repository/org/apache/kafka/kafka-clients/2.6.1/kafka-clients-2.6.1-test.jar:/home/leppy/.m2/repository/org/apache/kafka/kafka-streams/2.6.0/kafka-streams-2.6.0.jar:/home/leppy/.m2/repository/org/apache/kafka/connect-json/2.6.0/connect-json-2.6.0.jar:/home/leppy/.m2/repository/org/apache/kafka/connect-api/2.6.0/connect-api-2.6.0.jar:/home/leppy/.m2/repository/org/rocksdb/rocksdbjni/5.18.4/rocksdbjni-5.18.4.jar:/home/leppy/.m2/repository/org/apache/kafka/kafka-streams-test-utils/2.6.0/kafka-streams-test-utils-2.6.0.jar:/home/leppy/.m2/repository/org/apache/kafka/kafka_2.13/2.6.0/kafka_2.13-2.6.0.jar:/home/leppy/.m2/repository/com/fasterxml/jackson/module/jackson-module-scala_2.13/2.11.4/jackson-module-scala_2.13-2.11.4.jar:/home/leppy/.m2/repository/com/fasterxml/jackson/module/jackson-module-paranamer/2.11.4/jackson-module-paranamer-2.11.4.jar:/home/leppy/.m2/repository/com/thoughtworks/paranamer/paranamer/2.8/paranamer-2.8.jar:/home/leppy/.m2/repository/com/fasterxml/jackson/dataformat/jackson-dataformat-csv/2.11.4/jackson-dataformat-csv-2.11.4.jar:/home/leppy/.m2/repository/com/fasterxml/jackson/datatype/jackson-datatype-jdk8/2.11.4/jackson-datatype-jdk8-2.11.4.jar:/home/leppy/.m2/repository/net/sf/jopt-simple/jopt-simple/5.0.4/jopt-simple-5.0.4.jar:/home/leppy/.m2/repository/com/yammer/metrics/metrics-core/2.2.0/metrics-core-2.2.0.jar:/home/leppy/.m2/repository/org/scala-lang/modules/scala-collection-compat_2.13/2.1.6/scala-collection-compat_2.13-2.1.6.jar:/home/leppy/.m2/repository/org/scala-lang/modules/scala-java8-compat_2.13/0.9.1/scala-java8-compat_2.13-0.9.1.jar:/home/leppy/.m2/repository/org/scala-lang/scala-library/2.13.2/scala-library-2.13.2.jar:/home/leppy/.m2/repository/org/scala-lang/scala-reflect/2.13.2/scala-reflect-2.13.2.jar:/home/leppy/.m2/repository/com/typesafe/scala-logging/scala-logging_2.13/3.9.2/scala-logging_2.13-3.9.2.jar:/home/leppy/.m2/repository/org/apache/zookeeper/zookeeper/3.5.8/zookeeper-3.5.8.jar:/home/leppy/.m2/repository/org/apache/zookeeper/zookeeper-jute/3.5.8/zookeeper-jute-3.5.8.jar:/home/leppy/.m2/repository/org/apache/yetus/audience-annotations/0.5.0/audience-annotations-0.5.0.jar:/home/leppy/.m2/repository/io/netty/netty-transport-native-epoll/4.1.58.Final/netty-transport-native-epoll-4.1.58.Final.jar:/home/leppy/.m2/repository/commons-cli/commons-cli/1.4/commons-cli-1.4.jar:/home/leppy/.m2/repository/org/apache/kafka/kafka_2.13/2.6.1/kafka_2.13-2.6.1-test.jar:/home/leppy/.m2/repository/org/junit/jupiter/junit-jupiter-api/5.7.0/junit-jupiter-api-5.7.0.jar:/home/leppy/.m2/repository/org/apiguardian/apiguardian-api/1.1.0/apiguardian-api-1.1.0.jar:/home/leppy/.m2/repository/org/opentest4j/opentest4j/1.2.0/opentest4j-1.2.0.jar:/home/leppy/.m2/repository/org/junit/platform/junit-platform-commons/1.7.0/junit-platform-commons-1.7.0.jar:/home/leppy/.m2/repository/junit/junit/4.13.1/junit-4.13.1.jar:/home/leppy/.m2/repository/org/hamcrest/hamcrest-core/2.2/hamcrest-core-2.2.jar:"/>
    <property name="sun.cpu.endian" value="little"/>
    <property name="user.home" value="/home/leppy"/>
    <property name="user.language" value="en"/>
    <property name="java.specification.vendor" value="Oracle Corporation"/>
    <property name="java.version.date" value="2022-04-19"/>
    <property name="java.home" value="/usr/lib/jvm/java-11-openjdk-amd64"/>
    <property name="file.separator" value="/"/>
    <property name="basedir" value="/home/leppy/cdkdev/amazon-msk-java-app-cdk/consumer"/>
    <property name="java.vm.compressedOopsMode" value="Zero based"/>
    <property name="line.separator" value="&#10;"/>
    <property name="java.specification.name" value="Java Platform API Specification"/>
    <property name="java.vm.specification.vendor" value="Oracle Corporation"/>
    <property name="java.awt.graphicsenv" value="sun.awt.X11GraphicsEnvironment"/>
    <property name="surefire.real.class.path" value="/home/leppy/cdkdev/amazon-msk-java-app-cdk/consumer/target/surefire/surefirebooter14698558389297182630.jar"/>
    <property name="sun.management.compiler" value="HotSpot 64-Bit Tiered Compilers"/>
    <property name="java.runtime.version" value="11.0.15+10-Ubuntu-0ubuntu0.20.04.1"/>
    <property name="user.name" value="leppy"/>
    <property name="path.separator" value=":"/>
    <property name="os.version" value="5.10.102.1-microsoft-standard-WSL2"/>
    <property name="java.runtime.name" value="OpenJDK Runtime Environment"/>
    <property name="file.encoding" value="UTF-8"/>
    <property name="java.vm.name" value="OpenJDK 64-Bit Server VM"/>
    <property name="localRepository" value="/home/leppy/.m2/repository"/>
    <property name="java.vendor.url.bug" value="Unknown"/>
    <property name="java.io.tmpdir" value="/tmp"/>
    <property name="java.version" value="11.0.15"/>
    <property name="user.dir" value="/home/leppy/cdkdev/amazon-msk-java-app-cdk/consumer"/>
    <property name="os.arch" value="amd64"/>
    <property name="java.vm.specification.name" value="Java Virtual Machine Specification"/>
    <property name="java.awt.printerjob" value="sun.print.PSPrinterJob"/>
    <property name="sun.os.patch.level" value="unknown"/>
    <property name="java.library.path" value="/usr/java/packages/lib:/usr/lib/x86_64-linux-gnu/jni:/lib/x86_64-linux-gnu:/usr/lib/x86_64-linux-gnu:/usr/lib/jni:/lib:/usr/lib"/>
    <property name="java.vm.info" value="mixed mode, sharing"/>
    <property name="java.vendor" value="Private Build"/>
    <property name="java.vm.version" value="11.0.15+10-Ubuntu-0ubuntu0.20.04.1"/>
    <property name="sun.io.unicode.encoding" value="UnicodeLittle"/>
    <property name="java.class.version" value="55.0"/>
  </properties>
  <testcase name="listen" classname="amazon.aws.samples.kafka.KafkaConsumerTest" time="0.642"/>
</testsuite>